<?xml version="1.0" encoding="UTF-8"?>
<testsuite xmlns:xsi="http://www.w3.org/2001/XMLSchema-instance" xsi:noNamespaceSchemaLocation="https://maven.apache.org/surefire/maven-surefire-plugin/xsd/surefire-test-report-3.0.xsd" version="3.0" name="testRunner.TestRunner" time="36.871" tests="5" errors="0" skipped="0" failures="0">
  <properties>
[...]
</properties>
  <testcase name="runScenario[&quot;Successful login with valid credentials&quot;, &quot;login functionality&quot;](1)" classname="testRunner.TestRunner" time="7.651">
    <system-out><![CDATA[
@E2E @Regression @one
Scenario Outline: Successful login with valid credentials       # src/test/resources/Features/Login.feature:18
browser ischrome
  Given user launch browser                                     # stepDefinition.LoginSteps.user_launch_browser()
  And navigates to the application                              # stepDefinition.LoginSteps.navigates_to_the_application()
  When user clicks on Login after navigating to My Account menu # stepDefinition.LoginSteps.user_clicks_on_login_after_navigating_to_my_account_menu()
  And user enters "admin123@gmail.com" and "admin@123"          # stepDefinition.LoginSteps.user_enters_and(java.lang.String,java.lang.String)
  And click on login button                                     # stepDefinition.LoginSteps.click_on_login_button()
  Then user navigates to My Account page                        # stepDefinition.LoginSteps.user_navigates_to_my_account_page()
Scenario status===>PASSED
]]></system-out>
    <system-err><![CDATA[SLF4J: Failed to load class "org.slf4j.impl.StaticLoggerBinder".
SLF4J: Defaulting to no-operation (NOP) logger implementation
SLF4J: See http://www.slf4j.org/codes.html#StaticLoggerBinder for further details.
Starting ChromeDriver 110.0.5481.77 (65ed616c6e8ee3fe0ad64fe83796c020644d42af-refs/branch-heads/5481@{#839}) on port 10739
Only local connections are allowed.
Please see https://chromedriver.chromium.org/security-considerations for suggestions on keeping ChromeDriver safe.
ChromeDriver was started successfully.
[1677516055.618][WARNING]: virtual void DevToolsClientImpl::AddListener(DevToolsEventListener *) subscribing a listener to the already connected DevToolsClient. Connection notification will not arrive.
Feb 27, 2023 10:40:56 AM org.openqa.selenium.devtools.CdpVersionFinder findNearestMatch
WARNING: Unable to find an exact match for CDP version 110, so returning the closest version found: 109
]]></system-err>
  </testcase>
  <testcase name="runScenario[&quot;login with invalid credentials&quot;, &quot;login functionality&quot;](2)" classname="testRunner.TestRunner" time="3.969">
    <system-out><![CDATA[
@E2E @Regression
Scenario Outline: login with invalid credentials                # src/test/resources/Features/Login.feature:28
browser ischrome
  Given user launch browser                                     # stepDefinition.LoginSteps.user_launch_browser()
  And navigates to the application                              # stepDefinition.LoginSteps.navigates_to_the_application()
  When user clicks on Login after navigating to My Account menu # stepDefinition.LoginSteps.user_clicks_on_login_after_navigating_to_my_account_menu()
  And user enters "admin@gmail.com" and "admin@123"             # stepDefinition.LoginSteps.user_enters_and(java.lang.String,java.lang.String)
  And click on login button                                     # stepDefinition.LoginSteps.click_on_login_button()
  Then user should not navigate to My Account page              # stepDefinition.LoginSteps.user_should_not_navigate_to_my_account_page()
Scenario status===>PASSED
]]></system-out>
    <system-err><![CDATA[Starting ChromeDriver 110.0.5481.77 (65ed616c6e8ee3fe0ad64fe83796c020644d42af-refs/branch-heads/5481@{#839}) on port 31806
Only local connections are allowed.
Please see https://chromedriver.chromium.org/security-considerations for suggestions on keeping ChromeDriver safe.
ChromeDriver was started successfully.
[1677516060.475][WARNING]: virtual void DevToolsClientImpl::AddListener(DevToolsEventListener *) subscribing a listener to the already connected DevToolsClient. Connection notification will not arrive.
Feb 27, 2023 10:41:00 AM org.openqa.selenium.devtools.CdpVersionFinder findNearestMatch
WARNING: Unable to find an exact match for CDP version 110, so returning the closest version found: 109
]]></system-err>
  </testcase>
  <testcase name="runScenario[&quot;Successful login with valid credentials&quot;, &quot;login functionality&quot;](3)" classname="testRunner.TestRunner" time="5.074">
    <system-out><![CDATA[
@E2E @dataDriven
Scenario Outline: Successful login with valid credentials       # src/test/resources/Features/Login.feature:40
browser ischrome
  Given user launch browser                                     # stepDefinition.LoginSteps.user_launch_browser()
  And navigates to the application                              # stepDefinition.LoginSteps.navigates_to_the_application()
  When user clicks on Login after navigating to My Account menu # stepDefinition.LoginSteps.user_clicks_on_login_after_navigating_to_my_account_menu()
  And user enters email and password from excel "Sheet1" and 0  # stepDefinition.LoginSteps.user_enters_email_and_password_from_excel_and(java.lang.String,java.lang.Integer)
  And click on login button                                     # stepDefinition.LoginSteps.click_on_login_button()
  Then user navigates to My Account page                        # stepDefinition.LoginSteps.user_navigates_to_my_account_page()
Scenario status===>PASSED
]]></system-out>
    <system-err><![CDATA[Starting ChromeDriver 110.0.5481.77 (65ed616c6e8ee3fe0ad64fe83796c020644d42af-refs/branch-heads/5481@{#839}) on port 39875
Only local connections are allowed.
Please see https://chromedriver.chromium.org/security-considerations for suggestions on keeping ChromeDriver safe.
ChromeDriver was started successfully.
[1677516064.374][WARNING]: virtual void DevToolsClientImpl::AddListener(DevToolsEventListener *) subscribing a listener to the already connected DevToolsClient. Connection notification will not arrive.
Feb 27, 2023 10:41:04 AM org.openqa.selenium.devtools.CdpVersionFinder findNearestMatch
WARNING: Unable to find an exact match for CDP version 110, so returning the closest version found: 109
]]></system-err>
  </testcase>
  <testcase name="runScenario[&quot;Registration using data table&quot;, &quot;Application Registration&quot;](4)" classname="testRunner.TestRunner" time="4.444">
    <system-out><![CDATA[
Scenario: Registration using data table                            # src/test/resources/Features/Registration.feature:3
browser ischrome
  Given user launch browser                                        # stepDefinition.LoginSteps.user_launch_browser()
  And navigates to the application                                 # stepDefinition.LoginSteps.navigates_to_the_application()
  When user clicks on rgister after navigationg to My Account menu # stepDefinition.RegistrationSteps.user_clicks_on_rgister_after_navigationg_to_my_account_menu()
  And user enters following user details                           # stepDefinition.RegistrationSteps.user_enters_following_user_details(io.cucumber.datatable.DataTable)
    | Archana | Gore    | archana_gore@gmail.com | 1234567819 | admin@123 | admin@123 |
    | Linda   | margose | linda@gmail.com        | 2345617816 | test@123  | test@123  |
  And user accepts privacy policy                                  # stepDefinition.RegistrationSteps.user_accepts_privacy_policy()
  And clicks on continue button                                    # stepDefinition.RegistrationSteps.clicks_on_continue_button()
  Then Registration should be successful                           # stepDefinition.RegistrationSteps.registration_should_be_successful()
Scenario status===>PASSED
]]></system-out>
    <system-err><![CDATA[Starting ChromeDriver 110.0.5481.77 (65ed616c6e8ee3fe0ad64fe83796c020644d42af-refs/branch-heads/5481@{#839}) on port 32050
Only local connections are allowed.
Please see https://chromedriver.chromium.org/security-considerations for suggestions on keeping ChromeDriver safe.
ChromeDriver was started successfully.
[1677516069.419][WARNING]: virtual void DevToolsClientImpl::AddListener(DevToolsEventListener *) subscribing a listener to the already connected DevToolsClient. Connection notification will not arrive.
Feb 27, 2023 10:41:09 AM org.openqa.selenium.devtools.CdpVersionFinder findNearestMatch
WARNING: Unable to find an exact match for CDP version 110, so returning the closest version found: 109
]]></system-err>
  </testcase>
  <testcase name="runScenario[&quot;searching a product&quot;, &quot;Search product functionality&quot;](5)" classname="testRunner.TestRunner" time="13.108">
    <system-out><![CDATA[
@smoke @one
Scenario Outline: searching a product # src/test/resources/Features/SearchProduct.feature:17
browser ischrome
  Given user launch browser           # stepDefinition.LoginSteps.user_launch_browser()
  And navigates to the application    # stepDefinition.LoginSteps.navigates_to_the_application()
  When user search a "iphone"         # stepDefinition.SearchProductSteps.user_search_a(java.lang.String)
  And clicks on the "iphone"          # stepDefinition.SearchProductSteps.clicks_on_the(java.lang.String)
  And adds it to the cart             # stepDefinition.SearchProductSteps.adds_it_to_the_cart()
success message:true
  Then add to cart is successful      # stepDefinition.SearchProductSteps.add_to_cart_is_successful()
Scenario status===>PASSED
]]></system-out>
    <system-err><![CDATA[Starting ChromeDriver 110.0.5481.77 (65ed616c6e8ee3fe0ad64fe83796c020644d42af-refs/branch-heads/5481@{#839}) on port 3866
Only local connections are allowed.
Please see https://chromedriver.chromium.org/security-considerations for suggestions on keeping ChromeDriver safe.
ChromeDriver was started successfully.
[1677516073.857][WARNING]: virtual void DevToolsClientImpl::AddListener(DevToolsEventListener *) subscribing a listener to the already connected DevToolsClient. Connection notification will not arrive.
Feb 27, 2023 10:41:14 AM org.openqa.selenium.devtools.CdpVersionFinder findNearestMatch
WARNING: Unable to find an exact match for CDP version 110, so returning the closest version found: 109
]]></system-err>
  </testcase>
</testsuite>